<?xml version="1.0" encoding="UTF-8"?>
<!-- Generated by org.testng.reporters.JUnitReportReporter -->
<testsuite skipped="0" hostname="BobITs-Mac-mini.fios-router.home" name="tests.LoginPageTest" tests="1" failures="0" timestamp="2021-03-19T09:48:27 EDT" time="9.188" errors="0">
  <testcase name="filexiblePackage" time="9.188" classname="tests.LoginPageTest"/>
  <system-out/>
</testsuite> <!-- tests.LoginPageTest -->
