<?xml version="1.0" encoding="UTF-8"?>
<!-- Generated by org.testng.reporters.JUnitReportReporter -->
<testsuite skipped="0" hostname="BobITs-Mac-mini.fios-router.home" name="tests.LoginParallelTest" tests="3" failures="0" timestamp="2021-03-20T12:09:07 EDT" time="29.632" errors="0">
  <testcase name="createContactsTest" time="8.884" classname="tests.LoginParallelTest"/>
  <system-out/>
  <testcase name="createContactsTest" time="9.238" classname="tests.LoginParallelTest"/>
  <system-out/>
  <testcase name="createContactsTest" time="11.510" classname="tests.LoginParallelTest"/>
  <system-out/>
</testsuite> <!-- tests.LoginParallelTest -->
