<?xml version="1.0" encoding="UTF-8"?>
<!-- Generated by org.testng.reporters.JUnitReportReporter -->
<testsuite hostname="BobITs-Mac-mini.fios-router.home" name="tests.LoginPageTest" tests="1" failures="0" timestamp="20 Mar 2021 16:44:21 GMT" time="8.891" errors="0">
  <testcase name="testPageTitle" time="8.891" classname="tests.LoginPageTest"/>
</testsuite> <!-- tests.LoginPageTest -->
