<?xml version="1.0" encoding="UTF-8"?>
<!-- Generated by org.testng.reporters.JUnitReportReporter -->
<testsuite hostname="BobITs-Mac-mini.fios-router.home" name="tests.LoginParallelTest" tests="3" failures="0" timestamp="19 Mar 2021 13:34:43 GMT" time="25.527" errors="0">
  <testcase name="createContactsTest" time="8.422" classname="tests.LoginParallelTest"/>
  <testcase name="testPageTitle" time="7.996" classname="tests.LoginParallelTest"/>
  <testcase name="createContactsTest" time="9.109" classname="tests.LoginParallelTest"/>
</testsuite> <!-- tests.LoginParallelTest -->
